fltkd.lib(Fl.obj) : warning LNK4099: "" PDB не найден с "fltkd.lib(Fl.obj)" или на ""; компоновка объекта выполняется как при отсутствии отладочных данных
fltkd.lib(Fl_Widget.obj) : warning LNK4099: "" PDB не найден с "fltkd.lib(Fl_Widget.obj)" или на ""; компоновка объекта выполняется как при отсутствии отладочных данных
fltkd.lib(Fl_Group.obj) : warning LNK4099: "" PDB не найден с "fltkd.lib(Fl_Group.obj)" или на ""; компоновка объекта выполняется как при отсутствии отладочных данных
fltkd.lib(Fl_Window.obj) : warning LNK4099: "" PDB не найден с "fltkd.lib(Fl_Window.obj)" или на ""; компоновка объекта выполняется как при отсутствии отладочных данных
fltkd.lib(Fl_Button.obj) : warning LNK4099: "" PDB не найден с "fltkd.lib(Fl_Button.obj)" или на ""; компоновка объекта выполняется как при отсутствии отладочных данных
fltkd.lib(fl_ask.obj) : warning LNK4099: "" PDB не найден с "fltkd.lib(fl_ask.obj)" или на ""; компоновка объекта выполняется как при отсутствии отладочных данных
fltkd.lib(Fl_compose.obj) : warning LNK4099: "" PDB не найден с "fltkd.lib(Fl_compose.obj)" или на ""; компоновка объекта выполняется как при отсутствии отладочных данных
fltkd.lib(screen_xywh.obj) : warning LNK4099: "" PDB не найден с "fltkd.lib(screen_xywh.obj)" или на ""; компоновка объекта выполняется как при отсутствии отладочных данных
fltkd.lib(fl_labeltype.obj) : warning LNK4099: "" PDB не найден с "fltkd.lib(fl_labeltype.obj)" или на ""; компоновка объекта выполняется как при отсутствии отладочных данных
fltkd.lib(Fl_Preferences.obj) : warning LNK4099: "" PDB не найден с "fltkd.lib(Fl_Preferences.obj)" или на ""; компоновка объекта выполняется как при отсутствии отладочных данных
fltkd.lib(Fl_Graphics_Driver.obj) : warning LNK4099: "" PDB не найден с "fltkd.lib(Fl_Graphics_Driver.obj)" или на ""; компоновка объекта выполняется как при отсутствии отладочных данных
fltkd.lib(fl_WinAPI_platform_init.obj) : warning LNK4099: "" PDB не найден с "fltkd.lib(fl_WinAPI_platform_init.obj)" или на ""; компоновка объекта выполняется как при отсутствии отладочных данных
fltkd.lib(Fl_Screen_Driver.obj) : warning LNK4099: "" PDB не найден с "fltkd.lib(Fl_Screen_Driver.obj)" или на ""; компоновка объекта выполняется как при отсутствии отладочных данных
fltkd.lib(Fl_Window_Driver.obj) : warning LNK4099: "" PDB не найден с "fltkd.lib(Fl_Window_Driver.obj)" или на ""; компоновка объекта выполняется как при отсутствии отладочных данных
fltkd.lib(Fl_Timeout.obj) : warning LNK4099: "" PDB не найден с "fltkd.lib(Fl_Timeout.obj)" или на ""; компоновка объекта выполняется как при отсутствии отладочных данных
fltkd.lib(Fl_Tooltip.obj) : warning LNK4099: "" PDB не найден с "fltkd.lib(Fl_Tooltip.obj)" или на ""; компоновка объекта выполняется как при отсутствии отладочных данных
fltkd.lib(Fl_abort.obj) : warning LNK4099: "" PDB не найден с "fltkd.lib(Fl_abort.obj)" или на ""; компоновка объекта выполняется как при отсутствии отладочных данных
fltkd.lib(fl_contrast.obj) : warning LNK4099: "" PDB не найден с "fltkd.lib(fl_contrast.obj)" или на ""; компоновка объекта выполняется как при отсутствии отладочных данных
fltkd.lib(fl_boxtype.obj) : warning LNK4099: "" PDB не найден с "fltkd.lib(fl_boxtype.obj)" или на ""; компоновка объекта выполняется как при отсутствии отладочных данных
fltkd.lib(fl_string_functions.obj) : warning LNK4099: "" PDB не найден с "fltkd.lib(fl_string_functions.obj)" или на ""; компоновка объекта выполняется как при отсутствии отладочных данных
fltkd.lib(Fl_Device.obj) : warning LNK4099: "" PDB не найден с "fltkd.lib(Fl_Device.obj)" или на ""; компоновка объекта выполняется как при отсутствии отладочных данных
fltkd.lib(Fl_get_system_colors.obj) : warning LNK4099: "" PDB не найден с "fltkd.lib(Fl_get_system_colors.obj)" или на ""; компоновка объекта выполняется как при отсутствии отладочных данных
fltkd.lib(fl_color.obj) : warning LNK4099: "" PDB не найден с "fltkd.lib(fl_color.obj)" или на ""; компоновка объекта выполняется как при отсутствии отладочных данных
fltkd.lib(fl_shortcut.obj) : warning LNK4099: "" PDB не найден с "fltkd.lib(fl_shortcut.obj)" или на ""; компоновка объекта выполняется как при отсутствии отладочных данных
fltkd.lib(Fl_Message.obj) : warning LNK4099: "" PDB не найден с "fltkd.lib(Fl_Message.obj)" или на ""; компоновка объекта выполняется как при отсутствии отладочных данных
fltkd.lib(fl_draw.obj) : warning LNK4099: "" PDB не найден с "fltkd.lib(fl_draw.obj)" или на ""; компоновка объекта выполняется как при отсутствии отладочных данных
fltkd.lib(fl_utf8.obj) : warning LNK4099: "" PDB не найден с "fltkd.lib(fl_utf8.obj)" или на ""; компоновка объекта выполняется как при отсутствии отладочных данных
fltkd.lib(filename_match.obj) : warning LNK4099: "" PDB не найден с "fltkd.lib(filename_match.obj)" или на ""; компоновка объекта выполняется как при отсутствии отладочных данных
fltkd.lib(numericsort.obj) : warning LNK4099: "" PDB не найден с "fltkd.lib(numericsort.obj)" или на ""; компоновка объекта выполняется как при отсутствии отладочных данных
fltkd.lib(filename_list.obj) : warning LNK4099: "" PDB не найден с "fltkd.lib(filename_list.obj)" или на ""; компоновка объекта выполняется как при отсутствии отладочных данных
fltkd.lib(vsnprintf.obj) : warning LNK4099: "" PDB не найден с "fltkd.lib(vsnprintf.obj)" или на ""; компоновка объекта выполняется как при отсутствии отладочных данных
fltkd.lib(flstring.obj) : warning LNK4099: "" PDB не найден с "fltkd.lib(flstring.obj)" или на ""; компоновка объекта выполняется как при отсутствии отладочных данных
fltkd.lib(Fl_Image.obj) : warning LNK4099: "" PDB не найден с "fltkd.lib(Fl_Image.obj)" или на ""; компоновка объекта выполняется как при отсутствии отладочных данных
fltkd.lib(fl_vertex.obj) : warning LNK4099: "" PDB не найден с "fltkd.lib(fl_vertex.obj)" или на ""; компоновка объекта выполняется как при отсутствии отладочных данных
fltkd.lib(fl_rect.obj) : warning LNK4099: "" PDB не найден с "fltkd.lib(fl_rect.obj)" или на ""; компоновка объекта выполняется как при отсутствии отладочных данных
fltkd.lib(fl_arc.obj) : warning LNK4099: "" PDB не найден с "fltkd.lib(fl_arc.obj)" или на ""; компоновка объекта выполняется как при отсутствии отладочных данных
fltkd.lib(fl_curve.obj) : warning LNK4099: "" PDB не найден с "fltkd.lib(fl_curve.obj)" или на ""; компоновка объекта выполняется как при отсутствии отладочных данных
fltkd.lib(Fl_Image_Surface.obj) : warning LNK4099: "" PDB не найден с "fltkd.lib(Fl_Image_Surface.obj)" или на ""; компоновка объекта выполняется как при отсутствии отладочных данных
fltkd.lib(fl_read_image.obj) : warning LNK4099: "" PDB не найден с "fltkd.lib(fl_read_image.obj)" или на ""; компоновка объекта выполняется как при отсутствии отладочных данных
fltkd.lib(Fl_GDI_Copy_Surface_Driver.obj) : warning LNK4099: "" PDB не найден с "fltkd.lib(Fl_GDI_Copy_Surface_Driver.obj)" или на ""; компоновка объекта выполняется как при отсутствии отладочных данных
fltkd.lib(Fl_GDI_Graphics_Driver.obj) : warning LNK4099: "" PDB не найден с "fltkd.lib(Fl_GDI_Graphics_Driver.obj)" или на ""; компоновка объекта выполняется как при отсутствии отладочных данных
fltkd.lib(Fl_WinAPI_Screen_Driver.obj) : warning LNK4099: "" PDB не найден с "fltkd.lib(Fl_WinAPI_Screen_Driver.obj)" или на ""; компоновка объекта выполняется как при отсутствии отладочных данных
fltkd.lib(Fl_System_Driver.obj) : warning LNK4099: "" PDB не найден с "fltkd.lib(Fl_System_Driver.obj)" или на ""; компоновка объекта выполняется как при отсутствии отладочных данных
fltkd.lib(fl_encoding_latin1.obj) : warning LNK4099: "" PDB не найден с "fltkd.lib(fl_encoding_latin1.obj)" или на ""; компоновка объекта выполняется как при отсутствии отладочных данных
fltkd.lib(fl_encoding_mac_roman.obj) : warning LNK4099: "" PDB не найден с "fltkd.lib(fl_encoding_mac_roman.obj)" или на ""; компоновка объекта выполняется как при отсутствии отладочных данных
fltkd.lib(Fl_Tree_Prefs.obj) : warning LNK4099: "" PDB не найден с "fltkd.lib(Fl_Tree_Prefs.obj)" или на ""; компоновка объекта выполняется как при отсутствии отладочных данных
fltkd.lib(Fl_WinAPI_System_Driver.obj) : warning LNK4099: "" PDB не найден с "fltkd.lib(Fl_WinAPI_System_Driver.obj)" или на ""; компоновка объекта выполняется как при отсутствии отладочных данных
fltkd.lib(Fl_win32.obj) : warning LNK4099: "" PDB не найден с "fltkd.lib(Fl_win32.obj)" или на ""; компоновка объекта выполняется как при отсутствии отладочных данных
fltkd.lib(Fl_WinAPI_Window_Driver.obj) : warning LNK4099: "" PDB не найден с "fltkd.lib(Fl_WinAPI_Window_Driver.obj)" или на ""; компоновка объекта выполняется как при отсутствии отладочных данных
fltkd.lib(Fl_GDI_Image_Surface_Driver.obj) : warning LNK4099: "" PDB не найден с "fltkd.lib(Fl_GDI_Image_Surface_Driver.obj)" или на ""; компоновка объекта выполняется как при отсутствии отладочных данных
fltkd.lib(fl_rounded_box.obj) : warning LNK4099: "" PDB не найден с "fltkd.lib(fl_rounded_box.obj)" или на ""; компоновка объекта выполняется как при отсутствии отладочных данных
fltkd.lib(Fl_Input.obj) : warning LNK4099: "" PDB не найден с "fltkd.lib(Fl_Input.obj)" или на ""; компоновка объекта выполняется как при отсутствии отладочных данных
fltkd.lib(Fl_Widget_Surface.obj) : warning LNK4099: "" PDB не найден с "fltkd.lib(Fl_Widget_Surface.obj)" или на ""; компоновка объекта выполняется как при отсутствии отладочных данных
fltkd.lib(Fl_Box.obj) : warning LNK4099: "" PDB не найден с "fltkd.lib(Fl_Box.obj)" или на ""; компоновка объекта выполняется как при отсутствии отладочных данных
fltkd.lib(Fl_Single_Window.obj) : warning LNK4099: "" PDB не найден с "fltkd.lib(Fl_Single_Window.obj)" или на ""; компоновка объекта выполняется как при отсутствии отладочных данных
fltkd.lib(Fl_Menu_Window.obj) : warning LNK4099: "" PDB не найден с "fltkd.lib(Fl_Menu_Window.obj)" или на ""; компоновка объекта выполняется как при отсутствии отладочных данных
fltkd.lib(fl_plastic.obj) : warning LNK4099: "" PDB не найден с "fltkd.lib(fl_plastic.obj)" или на ""; компоновка объекта выполняется как при отсутствии отладочных данных
fltkd.lib(fl_gtk.obj) : warning LNK4099: "" PDB не найден с "fltkd.lib(fl_gtk.obj)" или на ""; компоновка объекта выполняется как при отсутствии отладочных данных
fltkd.lib(fl_gleam.obj) : warning LNK4099: "" PDB не найден с "fltkd.lib(fl_gleam.obj)" или на ""; компоновка объекта выполняется как при отсутствии отладочных данных
fltkd.lib(fl_oxy.obj) : warning LNK4099: "" PDB не найден с "fltkd.lib(fl_oxy.obj)" или на ""; компоновка объекта выполняется как при отсутствии отладочных данных
fltkd.lib(Fl_Pixmap.obj) : warning LNK4099: "" PDB не найден с "fltkd.lib(Fl_Pixmap.obj)" или на ""; компоновка объекта выполняется как при отсутствии отладочных данных
fltkd.lib(Fl_Tiled_Image.obj) : warning LNK4099: "" PDB не найден с "fltkd.lib(Fl_Tiled_Image.obj)" или на ""; компоновка объекта выполняется как при отсутствии отладочных данных
fltkd.lib(fl_round_box.obj) : warning LNK4099: "" PDB не найден с "fltkd.lib(fl_round_box.obj)" или на ""; компоновка объекта выполняется как при отсутствии отладочных данных
fltkd.lib(Fl_grab.obj) : warning LNK4099: "" PDB не найден с "fltkd.lib(Fl_grab.obj)" или на ""; компоновка объекта выполняется как при отсутствии отладочных данных
fltkd.lib(Fl_Window_hotspot.obj) : warning LNK4099: "" PDB не найден с "fltkd.lib(Fl_Window_hotspot.obj)" или на ""; компоновка объекта выполняется как при отсутствии отладочных данных
fltkd.lib(Fl_Return_Button.obj) : warning LNK4099: "" PDB не найден с "fltkd.lib(Fl_Return_Button.obj)" или на ""; компоновка объекта выполняется как при отсутствии отладочных данных
fltkd.lib(Fl_Input_.obj) : warning LNK4099: "" PDB не найден с "fltkd.lib(Fl_Input_.obj)" или на ""; компоновка объекта выполняется как при отсутствии отладочных данных
fltkd.lib(fl_symbols.obj) : warning LNK4099: "" PDB не найден с "fltkd.lib(fl_symbols.obj)" или на ""; компоновка объекта выполняется как при отсутствии отладочных данных
fltkd.lib(is_spacing.obj) : warning LNK4099: "" PDB не найден с "fltkd.lib(is_spacing.obj)" или на ""; компоновка объекта выполняется как при отсутствии отладочных данных
fltkd.lib(case.obj) : warning LNK4099: "" PDB не найден с "fltkd.lib(case.obj)" или на ""; компоновка объекта выполняется как при отсутствии отладочных данных
fltkd.lib(fl_draw_pixmap.obj) : warning LNK4099: "" PDB не найден с "fltkd.lib(fl_draw_pixmap.obj)" или на ""; компоновка объекта выполняется как при отсутствии отладочных данных
fltkd.lib(Fl_Shared_Image.obj) : warning LNK4099: "" PDB не найден с "fltkd.lib(Fl_Shared_Image.obj)" или на ""; компоновка объекта выполняется как при отсутствии отладочных данных
fltkd.lib(Fl_Copy_Surface.obj) : warning LNK4099: "" PDB не найден с "fltkd.lib(Fl_Copy_Surface.obj)" или на ""; компоновка объекта выполняется как при отсутствии отладочных данных
fltkd.lib(Fl_GDI_Graphics_Driver_image.obj) : warning LNK4099: "" PDB не найден с "fltkd.lib(Fl_GDI_Graphics_Driver_image.obj)" или на ""; компоновка объекта выполняется как при отсутствии отладочных данных
fltkd.lib(Fl_GDI_Graphics_Driver_font.obj) : warning LNK4099: "" PDB не найден с "fltkd.lib(Fl_GDI_Graphics_Driver_font.obj)" или на ""; компоновка объекта выполняется как при отсутствии отладочных данных
fltkd.lib(Fl_GDI_Graphics_Driver_rect.obj) : warning LNK4099: "" PDB не найден с "fltkd.lib(Fl_GDI_Graphics_Driver_rect.obj)" или на ""; компоновка объекта выполняется как при отсутствии отладочных данных
fltkd.lib(Fl_GDI_Graphics_Driver_vertex.obj) : warning LNK4099: "" PDB не найден с "fltkd.lib(Fl_GDI_Graphics_Driver_vertex.obj)" или на ""; компоновка объекта выполняется как при отсутствии отладочных данных
fltkd.lib(Fl_GDI_Graphics_Driver_arci.obj) : warning LNK4099: "" PDB не найден с "fltkd.lib(Fl_GDI_Graphics_Driver_arci.obj)" или на ""; компоновка объекта выполняется как при отсутствии отладочных данных
fltkd.lib(Fl_GDI_Graphics_Driver_line_style.obj) : warning LNK4099: "" PDB не найден с "fltkd.lib(Fl_GDI_Graphics_Driver_line_style.obj)" или на ""; компоновка объекта выполняется как при отсутствии отладочных данных
fltkd.lib(Fl_GDI_Graphics_Driver_color.obj) : warning LNK4099: "" PDB не найден с "fltkd.lib(Fl_GDI_Graphics_Driver_color.obj)" или на ""; компоновка объекта выполняется как при отсутствии отладочных данных
fltkd.lib(Fl_Text_Editor.obj) : warning LNK4099: "" PDB не найден с "fltkd.lib(Fl_Text_Editor.obj)" или на ""; компоновка объекта выполняется как при отсутствии отладочных данных
fltkd.lib(fl_dnd_win32.obj) : warning LNK4099: "" PDB не найден с "fltkd.lib(fl_dnd_win32.obj)" или на ""; компоновка объекта выполняется как при отсутствии отладочных данных
fltkd.lib(Fl_get_key_win32.obj) : warning LNK4099: "" PDB не найден с "fltkd.lib(Fl_get_key_win32.obj)" или на ""; компоновка объекта выполняется как при отсутствии отладочных данных
fltkd.lib(filename_absolute.obj) : warning LNK4099: "" PDB не найден с "fltkd.lib(filename_absolute.obj)" или на ""; компоновка объекта выполняется как при отсутствии отладочных данных
fltkd.lib(filename_isdir.obj) : warning LNK4099: "" PDB не найден с "fltkd.lib(filename_isdir.obj)" или на ""; компоновка объекта выполняется как при отсутствии отладочных данных
fltkd.lib(filename_ext.obj) : warning LNK4099: "" PDB не найден с "fltkd.lib(filename_ext.obj)" или на ""; компоновка объекта выполняется как при отсутствии отладочных данных
fltkd.lib(Fl_Browser.obj) : warning LNK4099: "" PDB не найден с "fltkd.lib(Fl_Browser.obj)" или на ""; компоновка объекта выполняется как при отсутствии отладочных данных
fltkd.lib(scandir_win32.obj) : warning LNK4099: "" PDB не найден с "fltkd.lib(scandir_win32.obj)" или на ""; компоновка объекта выполняется как при отсутствии отладочных данных
fltkd.lib(Fl_lock.obj) : warning LNK4099: "" PDB не найден с "fltkd.lib(Fl_lock.obj)" или на ""; компоновка объекта выполняется как при отсутствии отладочных данных
fltkd.lib(print_button.obj) : warning LNK4099: "" PDB не найден с "fltkd.lib(print_button.obj)" или на ""; компоновка объекта выполняется как при отсутствии отладочных данных
fltkd.lib(Fl_Bitmap.obj) : warning LNK4099: "" PDB не найден с "fltkd.lib(Fl_Bitmap.obj)" или на ""; компоновка объекта выполняется как при отсутствии отладочных данных
fltkd.lib(Fl_Window_fullscreen.obj) : warning LNK4099: "" PDB не найден с "fltkd.lib(Fl_Window_fullscreen.obj)" или на ""; компоновка объекта выполняется как при отсутствии отладочных данных
fltkd.lib(fl_cursor.obj) : warning LNK4099: "" PDB не найден с "fltkd.lib(fl_cursor.obj)" или на ""; компоновка объекта выполняется как при отсутствии отладочных данных
fltkd.lib(fl_font.obj) : warning LNK4099: "" PDB не найден с "fltkd.lib(fl_font.obj)" или на ""; компоновка объекта выполняется как при отсутствии отладочных данных
fltkd.lib(Fl_XBM_Image.obj) : warning LNK4099: "" PDB не найден с "fltkd.lib(Fl_XBM_Image.obj)" или на ""; компоновка объекта выполняется как при отсутствии отладочных данных
fltkd.lib(Fl_XPM_Image.obj) : warning LNK4099: "" PDB не найден с "fltkd.lib(Fl_XPM_Image.obj)" или на ""; компоновка объекта выполняется как при отсутствии отладочных данных
fltkd.lib(fl_set_font.obj) : warning LNK4099: "" PDB не найден с "fltkd.lib(fl_set_font.obj)" или на ""; компоновка объекта выполняется как при отсутствии отладочных данных
fltkd.lib(Fl_Text_Buffer.obj) : warning LNK4099: "" PDB не найден с "fltkd.lib(Fl_Text_Buffer.obj)" или на ""; компоновка объекта выполняется как при отсутствии отладочных данных
fltkd.lib(Fl_Text_Display.obj) : warning LNK4099: "" PDB не найден с "fltkd.lib(Fl_Text_Display.obj)" или на ""; компоновка объекта выполняется как при отсутствии отладочных данных
fltkd.lib(Fl_Scrollbar.obj) : warning LNK4099: "" PDB не найден с "fltkd.lib(Fl_Scrollbar.obj)" или на ""; компоновка объекта выполняется как при отсутствии отладочных данных
fltkd.lib(Fl_Browser_.obj) : warning LNK4099: "" PDB не найден с "fltkd.lib(Fl_Browser_.obj)" или на ""; компоновка объекта выполняется как при отсутствии отладочных данных
fltkd.lib(Fl_Printer.obj) : warning LNK4099: "" PDB не найден с "fltkd.lib(Fl_Printer.obj)" или на ""; компоновка объекта выполняется как при отсутствии отладочных данных
fltkd.lib(Fl_Slider.obj) : warning LNK4099: "" PDB не найден с "fltkd.lib(Fl_Slider.obj)" или на ""; компоновка объекта выполняется как при отсутствии отладочных данных
fltkd.lib(Fl_Valuator.obj) : warning LNK4099: "" PDB не найден с "fltkd.lib(Fl_Valuator.obj)" или на ""; компоновка объекта выполняется как при отсутствии отладочных данных
fltkd.lib(fl_draw_arrow.obj) : warning LNK4099: "" PDB не найден с "fltkd.lib(fl_draw_arrow.obj)" или на ""; компоновка объекта выполняется как при отсутствии отладочных данных
fltkd.lib(Fl_Paged_Device.obj) : warning LNK4099: "" PDB не найден с "fltkd.lib(Fl_Paged_Device.obj)" или на ""; компоновка объекта выполняется как при отсутствии отладочных данных
fltkd.lib(Fl_WinAPI_Printer_Driver.obj) : warning LNK4099: "" PDB не найден с "fltkd.lib(Fl_WinAPI_Printer_Driver.obj)" или на ""; компоновка объекта выполняется как при отсутствии отладочных данных
LINK : fatal error LNK1104: не удается открыть файл "msvcprtd.lib"
