  any.cpp
  audio_device.cpp
  audio_stream.cpp
  buffer_preparation.cpp
  player.cpp
  basic_types.cpp
  charset.cpp
  datetime.cpp
  deploy.cpp
  platform_abstraction.cpp
  platform_spec_windows.cpp
  filesystem.cpp
  animation.cpp
  basis.cpp
  basic_window.cpp
  bedrock_pi.cpp
  bedrock_windows.cpp
  color_schemes.cpp
  drawer.cpp
  element_store.cpp
  events_operation.cpp
  native_window_interface.cpp
  window_layout.cpp
  window_manager.cpp
  dragdrop.cpp
  dragger.cpp
  drawing.cpp
  effects.cpp
  element.cpp
  filebox.cpp
  layout_utility.cpp
  msgbox.cpp
  notifier.cpp
  place.cpp
  programming_interface.cpp
  screen.cpp
  state_cursor.cpp
  timer.cpp
  tooltip.cpp
  button.cpp
  categorize.cpp
  checkbox.cpp
  combox.cpp
  date_chooser.cpp
  float_listbox.cpp
  form.cpp
  group.cpp
  label.cpp
  listbox.cpp
  menu.cpp
  menubar.cpp
  panel.cpp
  picture.cpp
  progress.cpp
  scroll.cpp
  content_view.cpp
  text_editor.cpp
  slider.cpp
  spinbox.cpp
  tabbar.cpp
  textbox.cpp
  toolbar.cpp
  treebox.cpp
  widget.cpp
  wvl.cpp
  internationalization.cpp
  image_process_provider.cpp
  native_paint_interface.cpp
  graphics.cpp
  image.cpp
  image_process_selector.cpp
  pixel_buffer.cpp
  text_renderer.cpp
  stdc++.cpp
  dataexch.cpp
  platform.cpp
  shared_wrapper.cpp
  timepiece.cpp
  pool.cpp
  unicode_bidi.cpp
  nana.vcxproj -> F:\Games\ILYAsFolder\BarSU\LABS\4_course\EugineShapovich\VisualKa\VisualCLibSolutions\3\SerializationApp\nana\build\bin\nana_v142_Debug_x64.lib
